{"level":"info","message":"Express server listening on port 8786","timestamp":"2014-10-01T23:19:44.007Z"}
{"level":"info","message":"Running in environment: development","timestamp":"2014-10-01T23:19:44.009Z"}
{"level":"info","message":"Your instance of Periodicjs 1.8.76 is up to date with the current version 1.8.76","timestamp":"2014-10-01T23:19:46.212Z"}
{"level":"info","message":"Express server listening on port 8786","timestamp":"2014-10-01T23:20:28.160Z"}
{"level":"info","message":"Running in environment: development","timestamp":"2014-10-01T23:20:28.161Z"}
{"level":"info","message":"Old Periodical Collection Content Type","timestamp":"2014-10-01T23:20:28.264Z"}
{"level":"info","message":"Updated Periodical Collection Content Type","timestamp":"2014-10-01T23:20:28.264Z"}
{"level":"info","message":"Old Periodical Content Type","timestamp":"2014-10-01T23:20:28.266Z"}
{"level":"info","message":"Updated Periodical Content Type","timestamp":"2014-10-01T23:20:28.266Z"}
{"level":"info","message":"Your instance of Periodicjs 1.8.76 is up to date with the current version 1.8.76","timestamp":"2014-10-01T23:20:30.493Z"}
{"level":"info","message":"Express server listening on port 8786","timestamp":"2014-10-01T23:37:40.539Z"}
{"level":"info","message":"Running in environment: development","timestamp":"2014-10-01T23:37:40.540Z"}
{"level":"info","message":"Old Periodical Content Type","timestamp":"2014-10-01T23:37:40.678Z"}
{"level":"info","message":"Updated Periodical Content Type","timestamp":"2014-10-01T23:37:40.679Z"}
{"level":"info","message":"Old Periodical Collection Content Type","timestamp":"2014-10-01T23:37:40.683Z"}
{"level":"info","message":"Updated Periodical Collection Content Type","timestamp":"2014-10-01T23:37:40.683Z"}
{"level":"info","message":"Your instance of Periodicjs 1.8.76 is up to date with the current version 1.8.76","timestamp":"2014-10-01T23:37:43.208Z"}
{"level":"info","message":"Express server listening on port 8786","timestamp":"2014-10-08T01:55:40.700Z"}
{"level":"info","message":"Running in environment: development","timestamp":"2014-10-08T01:55:40.702Z"}
{"level":"info","message":"Express server listening on port 8786","timestamp":"2014-10-08T01:58:36.317Z"}
{"level":"info","message":"Running in environment: development","timestamp":"2014-10-08T01:58:36.319Z"}
{"level":"info","message":"Express server listening on port 8786","timestamp":"2014-10-08T01:59:11.702Z"}
{"level":"info","message":"Running in environment: development","timestamp":"2014-10-08T01:59:11.705Z"}
{"level":"info","message":"Express server listening on port 8786","timestamp":"2014-10-08T02:00:37.428Z"}
{"level":"info","message":"Running in environment: development","timestamp":"2014-10-08T02:00:37.430Z"}
{"level":"info","message":"Express server listening on port 8786","timestamp":"2014-10-08T02:00:39.880Z"}
{"level":"info","message":"Running in environment: development","timestamp":"2014-10-08T02:00:39.882Z"}
{"level":"info","message":"Express server listening on port 8786","timestamp":"2014-10-08T02:00:39.903Z"}
{"level":"info","message":"Running in environment: development","timestamp":"2014-10-08T02:00:39.906Z"}
{"level":"info","message":"Express server listening on port 8786","timestamp":"2014-10-08T03:21:29.118Z"}
{"level":"info","message":"Running in environment: development","timestamp":"2014-10-08T03:21:29.119Z"}
{"level":"info","message":"Express server listening on port 8786","timestamp":"2014-10-08T03:21:44.480Z"}
{"level":"info","message":"Running in environment: development","timestamp":"2014-10-08T03:21:44.481Z"}
{"level":"info","message":"Express server listening on port 8786","timestamp":"2014-10-08T03:22:32.222Z"}
{"level":"info","message":"Running in environment: development","timestamp":"2014-10-08T03:22:32.223Z"}
{"level":"info","message":"Express server listening on port 8786","timestamp":"2014-10-08T03:22:54.656Z"}
{"level":"info","message":"Running in environment: development","timestamp":"2014-10-08T03:22:54.657Z"}
{"level":"info","message":"Express server listening on port 8786","timestamp":"2014-10-08T03:23:04.946Z"}
{"level":"info","message":"Running in environment: development","timestamp":"2014-10-08T03:23:04.947Z"}
{"level":"info","message":"Express server listening on port 8786","timestamp":"2014-10-08T04:01:55.672Z"}
{"level":"info","message":"Running in environment: development","timestamp":"2014-10-08T04:01:55.673Z"}
{"level":"info","message":"Express server listening on port 8786","timestamp":"2014-10-08T04:13:11.711Z"}
{"level":"info","message":"Running in environment: development","timestamp":"2014-10-08T04:13:11.712Z"}
{"level":"info","message":"Express server listening on port 8786","timestamp":"2014-10-08T04:14:56.932Z"}
{"level":"info","message":"Running in environment: development","timestamp":"2014-10-08T04:14:56.933Z"}
{"level":"info","message":"Express server listening on port 8786","timestamp":"2014-10-08T04:58:16.972Z"}
{"level":"info","message":"Running in environment: development","timestamp":"2014-10-08T04:58:16.975Z"}
{"level":"info","message":"Express server listening on port 8786","timestamp":"2014-10-08T04:58:54.218Z"}
{"level":"info","message":"Running in environment: development","timestamp":"2014-10-08T04:58:54.219Z"}
{"level":"info","message":"Express server listening on port 8786","timestamp":"2014-10-08T17:24:01.679Z"}
{"level":"info","message":"Running in environment: development","timestamp":"2014-10-08T17:24:01.680Z"}
{"level":"info","message":"Express server listening on port 8786","timestamp":"2014-10-08T17:44:23.247Z"}
{"level":"info","message":"Running in environment: development","timestamp":"2014-10-08T17:44:23.249Z"}
{"level":"info","message":"Express server listening on port 8786","timestamp":"2014-10-08T17:44:23.555Z"}
{"level":"info","message":"Running in environment: development","timestamp":"2014-10-08T17:44:23.558Z"}
